<?xml version="1.0" encoding="UTF-8"?>
<!-- Generated by org.testng.reporters.JUnitXMLReporter -->
<testsuite ignored="0" hostname="DESKTOP-F1LMPTP" failures="0" tests="6" name="Default test" time="68.522" errors="0" timestamp="2021-06-11T03:03:12 CEST">
  <testcase classname="tests.SignInTests" name="signInValidCredentials" time="11.043"/>
  <testcase classname="tests.SignInTests" name="signInValidEmailInvalidPass" time="4.14"/>
  <testcase classname="tests.SignInTests" name="signInInvalidEmailValidPass" time="3.665"/>
  <testcase classname="tests.SignInTests" name="signInEmptyEmailValidPass" time="5.652"/>
  <testcase classname="tests.SignInTests" name="signInValidEmailEmptyPass" time="3.978"/>
  <testcase classname="tests.SignInTests" name="signOut" time="11.497"/>
</testsuite> <!-- Default test -->
